<?xml version="1.0" encoding="UTF-8"?>
<coverage generated="1715118133629" clover="3.2.0">
  <project timestamp="1715118133629" name="All files">
    <metrics statements="54" coveredstatements="43" conditionals="8" coveredconditionals="3" methods="16" coveredmethods="14" elements="78" coveredelements="60" complexity="0" loc="54" ncloc="54" packages="4" files="5" classes="5"/>
    <package name="src">
      <metrics statements="3" coveredstatements="3" conditionals="0" coveredconditionals="0" methods="2" coveredmethods="2"/>
      <file name="BotonGoogle.jsx" path="C:\Users\gerso\Downloads\Front-Recyklon-main\src\BotonGoogle.jsx">
        <metrics statements="1" coveredstatements="1" conditionals="0" coveredconditionals="0" methods="1" coveredmethods="1"/>
        <line num="5" count="3" type="stmt"/>
      </file>
      <file name="Logo.jsx" path="C:\Users\gerso\Downloads\Front-Recyklon-main\src\Logo.jsx">
        <metrics statements="2" coveredstatements="2" conditionals="0" coveredconditionals="0" methods="1" coveredmethods="1"/>
        <line num="5" count="1" type="stmt"/>
        <line num="6" count="3" type="stmt"/>
      </file>
    </package>
    <package name="src.Components.Button">
      <metrics statements="2" coveredstatements="2" conditionals="0" coveredconditionals="0" methods="1" coveredmethods="1"/>
      <file name="Button.jsx" path="C:\Users\gerso\Downloads\Front-Recyklon-main\src\Components\Button\Button.jsx">
        <metrics statements="2" coveredstatements="2" conditionals="0" coveredconditionals="0" methods="1" coveredmethods="1"/>
        <line num="2" count="1" type="stmt"/>
        <line num="3" count="3" type="stmt"/>
      </file>
    </package>
    <package name="src.Pages.Inicio.Login">
      <metrics statements="16" coveredstatements="12" conditionals="2" coveredconditionals="0" methods="4" coveredmethods="4"/>
      <file name="LoginForm.jsx" path="C:\Users\gerso\Downloads\Front-Recyklon-main\src\Pages\Inicio\Login\LoginForm.jsx">
        <metrics statements="16" coveredstatements="12" conditionals="2" coveredconditionals="0" methods="4" coveredmethods="4"/>
        <line num="8" count="1" type="stmt"/>
        <line num="9" count="3" type="stmt"/>
        <line num="10" count="3" type="stmt"/>
        <line num="11" count="3" type="stmt"/>
        <line num="13" count="3" type="stmt"/>
        <line num="14" count="1" type="stmt"/>
        <line num="15" count="1" type="stmt"/>
        <line num="16" count="1" type="stmt"/>
        <line num="21" count="0" type="cond" truecount="0" falsecount="2"/>
        <line num="23" count="0" type="stmt"/>
        <line num="26" count="0" type="stmt"/>
        <line num="29" count="0" type="stmt"/>
        <line num="33" count="1" type="stmt"/>
        <line num="37" count="3" type="stmt"/>
        <line num="59" count="1" type="stmt"/>
        <line num="73" count="1" type="stmt"/>
      </file>
    </package>
    <package name="src.Pages.Inicio.SignUp">
      <metrics statements="33" coveredstatements="26" conditionals="6" coveredconditionals="3" methods="9" coveredmethods="7"/>
      <file name="SignUpForm.jsx" path="C:\Users\gerso\Downloads\Front-Recyklon-main\src\Pages\Inicio\SignUp\SignUpForm.jsx">
        <metrics statements="33" coveredstatements="26" conditionals="6" coveredconditionals="3" methods="9" coveredmethods="7"/>
        <line num="8" count="1" type="stmt"/>
        <line num="9" count="6" type="stmt"/>
        <line num="10" count="6" type="stmt"/>
        <line num="11" count="6" type="stmt"/>
        <line num="12" count="6" type="stmt"/>
        <line num="13" count="6" type="stmt"/>
        <line num="14" count="6" type="stmt"/>
        <line num="15" count="6" type="stmt"/>
        <line num="16" count="6" type="stmt"/>
        <line num="18" count="6" type="stmt"/>
        <line num="19" count="1" type="stmt"/>
        <line num="21" count="1" type="stmt"/>
        <line num="22" count="1" type="stmt"/>
        <line num="31" count="1" type="stmt"/>
        <line num="33" count="1" type="stmt"/>
        <line num="35" count="1" type="stmt"/>
        <line num="37" count="0" type="stmt"/>
        <line num="38" count="0" type="stmt"/>
        <line num="41" count="0" type="stmt"/>
        <line num="44" count="1" type="cond" truecount="2" falsecount="2"/>
        <line num="45" count="0" type="stmt"/>
        <line num="47" count="1" type="stmt"/>
        <line num="52" count="6" type="cond" truecount="1" falsecount="1"/>
        <line num="54" count="0" type="stmt"/>
        <line num="57" count="6" type="stmt"/>
        <line num="68" count="1" type="stmt"/>
        <line num="79" count="1" type="stmt"/>
        <line num="90" count="1" type="stmt"/>
        <line num="101" count="1" type="stmt"/>
        <line num="112" count="1" type="stmt"/>
        <line num="124" count="0" type="stmt"/>
        <line num="136" count="0" type="stmt"/>
        <line num="154" count="1" type="stmt"/>
      </file>
    </package>
  </project>
</coverage>
