{"C:\\Users\\gerso\\Downloads\\Front-Recyklon-main\\src\\BotonGoogle.jsx": {"path":"C:\\Users\\gerso\\Downloads\\Front-Recyklon-main\\src\\BotonGoogle.jsx","statementMap":{"0":{"start":{"line":5,"column":2},"end":{"line":10,"column":4}}},"fnMap":{"0":{"name":"GoogleButton","decl":{"start":{"line":4,"column":9},"end":{"line":4,"column":21}},"loc":{"start":{"line":4,"column":24},"end":{"line":11,"column":1}},"line":4}},"branchMap":{},"s":{"0":3},"f":{"0":3},"b":{},"_coverageSchema":"1a1c01bbd47fc00a2c39e90264f33305004495a9","hash":"2c164312e0033c10842156c4d738ab77bf54ffd4"}
,"C:\\Users\\gerso\\Downloads\\Front-Recyklon-main\\src\\Logo.jsx": {"path":"C:\\Users\\gerso\\Downloads\\Front-Recyklon-main\\src\\Logo.jsx","statementMap":{"0":{"start":{"line":5,"column":20},"end":{"line":13,"column":1}},"1":{"start":{"line":6,"column":2},"end":{"line":12,"column":4}}},"fnMap":{"0":{"name":"(anonymous_0)","decl":{"start":{"line":5,"column":20},"end":{"line":5,"column":21}},"loc":{"start":{"line":5,"column":26},"end":{"line":13,"column":1}},"line":5}},"branchMap":{},"s":{"0":1,"1":3},"f":{"0":3},"b":{},"_coverageSchema":"1a1c01bbd47fc00a2c39e90264f33305004495a9","hash":"b76714296b64ecf640a7481c5edc2a57b9152cda"}
,"C:\\Users\\gerso\\Downloads\\Front-Recyklon-main\\src\\Components\\Button\\Button.jsx": {"path":"C:\\Users\\gerso\\Downloads\\Front-Recyklon-main\\src\\Components\\Button\\Button.jsx","statementMap":{"0":{"start":{"line":2,"column":15},"end":{"line":6,"column":1}},"1":{"start":{"line":3,"column":4},"end":{"line":5,"column":7}}},"fnMap":{"0":{"name":"(anonymous_0)","decl":{"start":{"line":2,"column":15},"end":{"line":2,"column":16}},"loc":{"start":{"line":2,"column":28},"end":{"line":6,"column":1}},"line":2}},"branchMap":{},"s":{"0":1,"1":3},"f":{"0":3},"b":{},"_coverageSchema":"1a1c01bbd47fc00a2c39e90264f33305004495a9","hash":"0a839af4042423cbc8b548815226cb575d62cb0d"}
,"C:\\Users\\gerso\\Downloads\\Front-Recyklon-main\\src\\Pages\\Inicio\\Login\\LoginForm.jsx": {"path":"C:\\Users\\gerso\\Downloads\\Front-Recyklon-main\\src\\Pages\\Inicio\\Login\\LoginForm.jsx","statementMap":{"0":{"start":{"line":8,"column":18},"end":{"line":84,"column":1}},"1":{"start":{"line":9,"column":32},"end":{"line":9,"column":44}},"2":{"start":{"line":10,"column":40},"end":{"line":10,"column":52}},"3":{"start":{"line":11,"column":21},"end":{"line":11,"column":34}},"4":{"start":{"line":13,"column":25},"end":{"line":35,"column":5}},"5":{"start":{"line":14,"column":8},"end":{"line":14,"column":31}},"6":{"start":{"line":15,"column":8},"end":{"line":34,"column":9}},"7":{"start":{"line":16,"column":29},"end":{"line":19,"column":14}},"8":{"start":{"line":21,"column":12},"end":{"line":30,"column":13}},"9":{"start":{"line":23,"column":16},"end":{"line":23,"column":80}},"10":{"start":{"line":26,"column":16},"end":{"line":26,"column":34}},"11":{"start":{"line":29,"column":16},"end":{"line":29,"column":81}},"12":{"start":{"line":33,"column":12},"end":{"line":33,"column":75}},"13":{"start":{"line":37,"column":4},"end":{"line":83,"column":6}},"14":{"start":{"line":59,"column":45},"end":{"line":59,"column":70}},"15":{"start":{"line":73,"column":45},"end":{"line":73,"column":74}}},"fnMap":{"0":{"name":"(anonymous_0)","decl":{"start":{"line":8,"column":18},"end":{"line":8,"column":19}},"loc":{"start":{"line":8,"column":24},"end":{"line":84,"column":1}},"line":8},"1":{"name":"(anonymous_1)","decl":{"start":{"line":13,"column":25},"end":{"line":13,"column":26}},"loc":{"start":{"line":13,"column":42},"end":{"line":35,"column":5}},"line":13},"2":{"name":"(anonymous_2)","decl":{"start":{"line":59,"column":38},"end":{"line":59,"column":39}},"loc":{"start":{"line":59,"column":45},"end":{"line":59,"column":70}},"line":59},"3":{"name":"(anonymous_3)","decl":{"start":{"line":73,"column":38},"end":{"line":73,"column":39}},"loc":{"start":{"line":73,"column":45},"end":{"line":73,"column":74}},"line":73}},"branchMap":{"0":{"loc":{"start":{"line":21,"column":12},"end":{"line":30,"column":13}},"type":"if","locations":[{"start":{"line":21,"column":12},"end":{"line":30,"column":13}},{"start":{"line":27,"column":19},"end":{"line":30,"column":13}}],"line":21}},"s":{"0":1,"1":3,"2":3,"3":3,"4":3,"5":1,"6":1,"7":1,"8":0,"9":0,"10":0,"11":0,"12":1,"13":3,"14":1,"15":1},"f":{"0":3,"1":1,"2":1,"3":1},"b":{"0":[0,0]},"_coverageSchema":"1a1c01bbd47fc00a2c39e90264f33305004495a9","hash":"5cda1da6165480bbd97fb176dd0624024c413413"}
,"C:\\Users\\gerso\\Downloads\\Front-Recyklon-main\\src\\Pages\\Inicio\\SignUp\\SignUpForm.jsx": {"path":"C:\\Users\\gerso\\Downloads\\Front-Recyklon-main\\src\\Pages\\Inicio\\SignUp\\SignUpForm.jsx","statementMap":{"0":{"start":{"line":8,"column":19},"end":{"line":152,"column":1}},"1":{"start":{"line":9,"column":32},"end":{"line":9,"column":44}},"2":{"start":{"line":10,"column":36},"end":{"line":10,"column":48}},"3":{"start":{"line":11,"column":32},"end":{"line":11,"column":44}},"4":{"start":{"line":12,"column":40},"end":{"line":12,"column":52}},"5":{"start":{"line":13,"column":42},"end":{"line":13,"column":60}},"6":{"start":{"line":14,"column":36},"end":{"line":14,"column":48}},"7":{"start":{"line":15,"column":58},"end":{"line":15,"column":73}},"8":{"start":{"line":16,"column":21},"end":{"line":16,"column":34}},"9":{"start":{"line":18,"column":25},"end":{"line":50,"column":5}},"10":{"start":{"line":19,"column":8},"end":{"line":19,"column":31}},"11":{"start":{"line":21,"column":8},"end":{"line":49,"column":9}},"12":{"start":{"line":22,"column":31},"end":{"line":29,"column":13}},"13":{"start":{"line":31,"column":12},"end":{"line":31,"column":67}},"14":{"start":{"line":33,"column":29},"end":{"line":33,"column":96}},"15":{"start":{"line":35,"column":12},"end":{"line":35,"column":65}},"16":{"start":{"line":37,"column":12},"end":{"line":37,"column":41}},"17":{"start":{"line":38,"column":12},"end":{"line":38,"column":39}},"18":{"start":{"line":41,"column":12},"end":{"line":41,"column":30}},"19":{"start":{"line":44,"column":12},"end":{"line":48,"column":13}},"20":{"start":{"line":45,"column":16},"end":{"line":45,"column":85}},"21":{"start":{"line":47,"column":16},"end":{"line":47,"column":79}},"22":{"start":{"line":52,"column":4},"end":{"line":55,"column":5}},"23":{"start":{"line":54,"column":8},"end":{"line":54,"column":20}},"24":{"start":{"line":57,"column":4},"end":{"line":151,"column":6}},"25":{"start":{"line":68,"column":41},"end":{"line":68,"column":66}},"26":{"start":{"line":79,"column":41},"end":{"line":79,"column":68}},"27":{"start":{"line":90,"column":41},"end":{"line":90,"column":66}},"28":{"start":{"line":101,"column":41},"end":{"line":101,"column":70}},"29":{"start":{"line":112,"column":41},"end":{"line":112,"column":68}},"30":{"start":{"line":124,"column":48},"end":{"line":124,"column":72}},"31":{"start":{"line":136,"column":48},"end":{"line":136,"column":77}},"32":{"start":{"line":154,"column":0},"end":{"line":156,"column":2}}},"fnMap":{"0":{"name":"(anonymous_0)","decl":{"start":{"line":8,"column":19},"end":{"line":8,"column":20}},"loc":{"start":{"line":8,"column":40},"end":{"line":152,"column":1}},"line":8},"1":{"name":"(anonymous_1)","decl":{"start":{"line":18,"column":25},"end":{"line":18,"column":26}},"loc":{"start":{"line":18,"column":42},"end":{"line":50,"column":5}},"line":18},"2":{"name":"(anonymous_2)","decl":{"start":{"line":68,"column":34},"end":{"line":68,"column":35}},"loc":{"start":{"line":68,"column":41},"end":{"line":68,"column":66}},"line":68},"3":{"name":"(anonymous_3)","decl":{"start":{"line":79,"column":34},"end":{"line":79,"column":35}},"loc":{"start":{"line":79,"column":41},"end":{"line":79,"column":68}},"line":79},"4":{"name":"(anonymous_4)","decl":{"start":{"line":90,"column":34},"end":{"line":90,"column":35}},"loc":{"start":{"line":90,"column":41},"end":{"line":90,"column":66}},"line":90},"5":{"name":"(anonymous_5)","decl":{"start":{"line":101,"column":34},"end":{"line":101,"column":35}},"loc":{"start":{"line":101,"column":41},"end":{"line":101,"column":70}},"line":101},"6":{"name":"(anonymous_6)","decl":{"start":{"line":112,"column":34},"end":{"line":112,"column":35}},"loc":{"start":{"line":112,"column":41},"end":{"line":112,"column":68}},"line":112},"7":{"name":"(anonymous_7)","decl":{"start":{"line":124,"column":42},"end":{"line":124,"column":43}},"loc":{"start":{"line":124,"column":48},"end":{"line":124,"column":72}},"line":124},"8":{"name":"(anonymous_8)","decl":{"start":{"line":136,"column":42},"end":{"line":136,"column":43}},"loc":{"start":{"line":136,"column":48},"end":{"line":136,"column":77}},"line":136}},"branchMap":{"0":{"loc":{"start":{"line":44,"column":12},"end":{"line":48,"column":13}},"type":"if","locations":[{"start":{"line":44,"column":12},"end":{"line":48,"column":13}},{"start":{"line":46,"column":19},"end":{"line":48,"column":13}}],"line":44},"1":{"loc":{"start":{"line":44,"column":16},"end":{"line":44,"column":53}},"type":"binary-expr","locations":[{"start":{"line":44,"column":16},"end":{"line":44,"column":30}},{"start":{"line":44,"column":34},"end":{"line":44,"column":53}}],"line":44},"2":{"loc":{"start":{"line":52,"column":4},"end":{"line":55,"column":5}},"type":"if","locations":[{"start":{"line":52,"column":4},"end":{"line":55,"column":5}},{"start":{},"end":{}}],"line":52}},"s":{"0":1,"1":6,"2":6,"3":6,"4":6,"5":6,"6":6,"7":6,"8":6,"9":6,"10":1,"11":1,"12":1,"13":1,"14":1,"15":1,"16":0,"17":0,"18":0,"19":1,"20":0,"21":1,"22":6,"23":0,"24":6,"25":1,"26":1,"27":1,"28":1,"29":1,"30":0,"31":0,"32":1},"f":{"0":6,"1":1,"2":1,"3":1,"4":1,"5":1,"6":1,"7":0,"8":0},"b":{"0":[0,1],"1":[1,0],"2":[0,6]},"_coverageSchema":"1a1c01bbd47fc00a2c39e90264f33305004495a9","hash":"2c71119a9892eb11954bcf4fd6a6ae4afef80afe"}
}
