TN:
SF:src\BotonGoogle.jsx
FN:4,GoogleButton
FNF:1
FNH:1
FNDA:3,GoogleButton
DA:5,3
LF:1
LH:1
BRF:0
BRH:0
end_of_record
TN:
SF:src\Logo.jsx
FN:5,(anonymous_0)
FNF:1
FNH:1
FNDA:3,(anonymous_0)
DA:5,1
DA:6,3
LF:2
LH:2
BRF:0
BRH:0
end_of_record
TN:
SF:src\Components\Button\Button.jsx
FN:2,(anonymous_0)
FNF:1
FNH:1
FNDA:3,(anonymous_0)
DA:2,1
DA:3,3
LF:2
LH:2
BRF:0
BRH:0
end_of_record
TN:
SF:src\Pages\Inicio\Login\LoginForm.jsx
FN:8,(anonymous_0)
FN:13,(anonymous_1)
FN:59,(anonymous_2)
FN:73,(anonymous_3)
FNF:4
FNH:4
FNDA:3,(anonymous_0)
FNDA:1,(anonymous_1)
FNDA:1,(anonymous_2)
FNDA:1,(anonymous_3)
DA:8,1
DA:9,3
DA:10,3
DA:11,3
DA:13,3
DA:14,1
DA:15,1
DA:16,1
DA:21,0
DA:23,0
DA:26,0
DA:29,0
DA:33,1
DA:37,3
DA:59,1
DA:73,1
LF:16
LH:12
BRDA:21,0,0,0
BRDA:21,0,1,0
BRF:2
BRH:0
end_of_record
TN:
SF:src\Pages\Inicio\SignUp\SignUpForm.jsx
FN:8,(anonymous_0)
FN:18,(anonymous_1)
FN:68,(anonymous_2)
FN:79,(anonymous_3)
FN:90,(anonymous_4)
FN:101,(anonymous_5)
FN:112,(anonymous_6)
FN:124,(anonymous_7)
FN:136,(anonymous_8)
FNF:9
FNH:7
FNDA:6,(anonymous_0)
FNDA:1,(anonymous_1)
FNDA:1,(anonymous_2)
FNDA:1,(anonymous_3)
FNDA:1,(anonymous_4)
FNDA:1,(anonymous_5)
FNDA:1,(anonymous_6)
FNDA:0,(anonymous_7)
FNDA:0,(anonymous_8)
DA:8,1
DA:9,6
DA:10,6
DA:11,6
DA:12,6
DA:13,6
DA:14,6
DA:15,6
DA:16,6
DA:18,6
DA:19,1
DA:21,1
DA:22,1
DA:31,1
DA:33,1
DA:35,1
DA:37,0
DA:38,0
DA:41,0
DA:44,1
DA:45,0
DA:47,1
DA:52,6
DA:54,0
DA:57,6
DA:68,1
DA:79,1
DA:90,1
DA:101,1
DA:112,1
DA:124,0
DA:136,0
DA:154,1
LF:33
LH:26
BRDA:44,0,0,0
BRDA:44,0,1,1
BRDA:44,1,0,1
BRDA:44,1,1,0
BRDA:52,2,0,0
BRDA:52,2,1,6
BRF:6
BRH:3
end_of_record
